<?xml version="1.0" encoding="UTF-8"?>
<!-- Generated by org.testng.reporters.JUnitReportReporter -->
<testsuite hostname="DESKTOP-TUH9DU6" failures="0" tests="1" name="testNG.HotelAdactin" time="13.246" errors="0" timestamp="2 Sep 2022 14:27:18 GMT">
  <testcase classname="testNG.HotelAdactin" name="login" time="13.246"/>
</testsuite> <!-- testNG.HotelAdactin -->
