<?xml version="1.0" encoding="UTF-8"?>
<!-- Generated by org.testng.reporters.JUnitReportReporter -->
<testsuite hostname="DESKTOP-TUH9DU6" failures="0" tests="3" name="testNG.TestNgProgram" time="0.017" errors="0" timestamp="2022-08-25T11:46:41 IST" skipped="0">
  <testcase classname="testNG.TestNgProgram" name="abc" time="0.010"/>
  <system-out/>
  <testcase classname="testNG.TestNgProgram" name="xyz" time="0.004"/>
  <system-out/>
  <testcase classname="testNG.TestNgProgram" name="def" time="0.003"/>
  <system-out/>
</testsuite> <!-- testNG.TestNgProgram -->
