<?xml version="1.0" encoding="UTF-8"?>
<!-- Generated by org.testng.reporters.JUnitReportReporter -->
<testsuite hostname="DESKTOP-TUH9DU6" failures="0" tests="2" name="testNG.TestNgProgram2" time="0.006" errors="0" timestamp="2022-08-18T11:54:44 IST" skipped="0">
  <testcase classname="testNG.TestNgProgram2" name="abc" time="0.001"/>
  <system-out/>
  <testcase classname="testNG.TestNgProgram2" name="Abc" time="0.005"/>
  <system-out/>
</testsuite> <!-- testNG.TestNgProgram2 -->
