<?xml version="1.0" encoding="UTF-8"?>
<!-- Generated by org.testng.reporters.JUnitReportReporter -->
<testsuite hostname="DESKTOP-TUH9DU6" failures="0" tests="1" name="testNG.Flipkartlogin" time="37.004" errors="0" timestamp="2022-08-25T13:51:20 IST" skipped="0">
  <testcase classname="testNG.Flipkartlogin" name="login1" time="37.004"/>
  <system-out/>
</testsuite> <!-- testNG.Flipkartlogin -->
