<?xml version="1.0" encoding="UTF-8"?>
<!-- Generated by org.testng.reporters.JUnitReportReporter -->
<testsuite hostname="DESKTOP-TUH9DU6" failures="0" tests="3" name="testNG.TestNgProgram" time="0.013" errors="0" timestamp="2 Sep 2022 14:35:45 GMT">
  <testcase classname="testNG.TestNgProgram" name="xyz" time="0.001"/>
  <testcase classname="testNG.TestNgProgram" name="abc" time="0.011"/>
  <testcase classname="testNG.TestNgProgram" name="def" time="0.001"/>
</testsuite> <!-- testNG.TestNgProgram -->
