<?xml version="1.0" encoding="UTF-8"?>
<!-- Generated by org.testng.reporters.JUnitReportReporter -->
<testsuite hostname="DESKTOP-TUH9DU6" failures="0" tests="1" name="testNG.Flipkartlogin" time="19.674" errors="0" timestamp="2 Sep 2022 14:27:18 GMT">
  <testcase classname="testNG.Flipkartlogin" name="login1" time="19.674"/>
</testsuite> <!-- testNG.Flipkartlogin -->
